0 info it worked if it ends with ok
1 verbose cli [ 'C:\\Program Files\\nodejs\\node.exe',
1 verbose cli   'C:\\Program Files\\nodejs\\node_modules\\npm\\bin\\npm-cli.js',
1 verbose cli   'run',
1 verbose cli   'test' ]
2 info using npm@3.10.10
3 info using node@v6.11.4
4 verbose config Skipping project config: C:\Users\LUCKY/.npmrc. (matches userconfig)
5 verbose run-script [ 'pretest', 'test', 'posttest' ]
6 info lifecycle morerecipe@1.0.0~pretest: morerecipe@1.0.0
7 silly lifecycle morerecipe@1.0.0~pretest: no script for pretest, continuing
8 info lifecycle morerecipe@1.0.0~test: morerecipe@1.0.0
9 verbose lifecycle morerecipe@1.0.0~test: unsafe-perm in lifecycle true
10 verbose lifecycle morerecipe@1.0.0~test: PATH: C:\Program Files\nodejs\node_modules\npm\bin\node-gyp-bin;C:\Users\LUCKY\node_modules\.bin;C:\adb\adb_win_v1.0.26;C:\adb\adb_win_v1.0.26;C:\ProgramData\Oracle\Java\javapath;C:\Windows\system32;C:\Windows;C:\Windows\System32\Wbem;C:\Windows\System32\WindowsPowerShell\v1.0\;C:\sqlite;C:\Program Files\ActivIdentity\ActivClient\;C:\Program Files\Git\cmd;C:\Program Files\nodejs\;C:\Users\LUCKY\AppData\Roaming\npm;C:\Program Files\Microsoft VS Code\bin
11 verbose lifecycle morerecipe@1.0.0~test: CWD: C:\Users\LUCKY
12 silly lifecycle morerecipe@1.0.0~test: Args: [ '/d /s /c', 'echo "Error: no test specified" && exit 1' ]
13 silly lifecycle morerecipe@1.0.0~test: Returned: code: 1  signal: null
14 info lifecycle morerecipe@1.0.0~test: Failed to exec test script
15 verbose stack Error: morerecipe@1.0.0 test: `echo "Error: no test specified" && exit 1`
15 verbose stack Exit status 1
15 verbose stack     at EventEmitter.<anonymous> (C:\Program Files\nodejs\node_modules\npm\lib\utils\lifecycle.js:255:16)
15 verbose stack     at emitTwo (events.js:106:13)
15 verbose stack     at EventEmitter.emit (events.js:191:7)
15 verbose stack     at ChildProcess.<anonymous> (C:\Program Files\nodejs\node_modules\npm\lib\utils\spawn.js:40:14)
15 verbose stack     at emitTwo (events.js:106:13)
15 verbose stack     at ChildProcess.emit (events.js:191:7)
15 verbose stack     at maybeClose (internal/child_process.js:920:16)
15 verbose stack     at Process.ChildProcess._handle.onexit (internal/child_process.js:230:5)
16 verbose pkgid morerecipe@1.0.0
17 verbose cwd C:\Users\LUCKY\Desktop\WeConnectApp
18 error Windows_NT 6.1.7601
19 error argv "C:\\Program Files\\nodejs\\node.exe" "C:\\Program Files\\nodejs\\node_modules\\npm\\bin\\npm-cli.js" "run" "test"
20 error node v6.11.4
21 error npm  v3.10.10
22 error code ELIFECYCLE
23 error morerecipe@1.0.0 test: `echo "Error: no test specified" && exit 1`
23 error Exit status 1
24 error Failed at the morerecipe@1.0.0 test script 'echo "Error: no test specified" && exit 1'.
24 error Make sure you have the latest version of node.js and npm installed.
24 error If you do, this is most likely a problem with the morerecipe package,
24 error not with npm itself.
24 error Tell the author that this fails on your system:
24 error     echo "Error: no test specified" && exit 1
24 error You can get information on how to open an issue for this project with:
24 error     npm bugs morerecipe
24 error Or if that isn't available, you can get their info via:
24 error     npm owner ls morerecipe
24 error There is likely additional logging output above.
25 verbose exit [ 1, true ]
